<?xml version="1.0" encoding="UTF-8"?>
<beans xmlns="http://www.springframework.org/schema/beans"
	   xmlns:xsi="http://www.w3.org/2001/XMLSchema-instance"
	   xsi:schemaLocation="http://www.springframework.org/schema/beans
	   					   http://www.springframework.org/schema/beans/spring-beans-2.5.xsd">

	<bean id="hsqlHibernateProperties" class="org.springframework.beans.factory.config.PropertiesFactoryBean">
		<property name="properties">
			<props>
				<prop key="hibernate.connection.driver_class">org.hsqldb.jdbcDriver</prop>
				<prop key="hibernate.hbm2ddl.auto">create</prop>
				<prop key="hibernate.dialect">org.hibernate.dialect.HSQLDialect</prop>
				<prop key="hibernate.show_sql">false</prop>
				<prop key="hibernate.format_sql">false</prop>
				<prop key="hibernate.connection.useUnicode">true</prop>
				<prop key="hibernate.connection.characterEncoding">UTF-8</prop>
				<prop key="hibernate.c3p0.timeout">0</prop>
				<prop key="hibernate.c3p0.max_size">1</prop>
				<prop key="hibernate.c3p0.min_size">1</prop>
			</props>
		</property>
	</bean>

	<alias alias="filmHibernateProperties" name="hsqlHibernateProperties" />
</beans>